<?xml version="1.0" encoding="UTF-8"?>
<testsuite name="com.example.cicd.CicdApplicationTests" tests="1" skipped="0" failures="0" errors="0" timestamp="2020-02-21T11:28:51" hostname="Akshays-MacBook-Pro.local" time="0.284">
  <properties/>
  <testcase name="contextLoads()" classname="com.example.cicd.CicdApplicationTests" time="0.284"/>
  <system-out><![CDATA[16:58:44.787 [Test worker] DEBUG org.springframework.test.context.BootstrapUtils - Instantiating CacheAwareContextLoaderDelegate from class [org.springframework.test.context.cache.DefaultCacheAwareContextLoaderDelegate]
16:58:44.797 [Test worker] DEBUG org.springframework.test.context.BootstrapUtils - Instantiating BootstrapContext using constructor [public org.springframework.test.context.support.DefaultBootstrapContext(java.lang.Class,org.springframework.test.context.CacheAwareContextLoaderDelegate)]
16:58:44.820 [Test worker] DEBUG org.springframework.test.context.BootstrapUtils - Instantiating TestContextBootstrapper for test class [com.example.cicd.CicdApplicationTests] from class [org.springframework.boot.test.context.SpringBootTestContextBootstrapper]
16:58:44.833 [Test worker] INFO org.springframework.boot.test.context.SpringBootTestContextBootstrapper - Neither @ContextConfiguration nor @ContextHierarchy found for test class [com.example.cicd.CicdApplicationTests], using SpringBootContextLoader
16:58:44.836 [Test worker] DEBUG org.springframework.test.context.support.AbstractContextLoader - Did not detect default resource location for test class [com.example.cicd.CicdApplicationTests]: class path resource [com/example/cicd/CicdApplicationTests-context.xml] does not exist
16:58:44.837 [Test worker] DEBUG org.springframework.test.context.support.AbstractContextLoader - Did not detect default resource location for test class [com.example.cicd.CicdApplicationTests]: class path resource [com/example/cicd/CicdApplicationTestsContext.groovy] does not exist
16:58:44.837 [Test worker] INFO org.springframework.test.context.support.AbstractContextLoader - Could not detect default resource locations for test class [com.example.cicd.CicdApplicationTests]: no resource found for suffixes {-context.xml, Context.groovy}.
16:58:44.838 [Test worker] INFO org.springframework.test.context.support.AnnotationConfigContextLoaderUtils - Could not detect default configuration classes for test class [com.example.cicd.CicdApplicationTests]: CicdApplicationTests does not declare any static, non-private, non-final, nested classes annotated with @Configuration.
16:58:44.864 [Test worker] DEBUG org.springframework.test.context.support.ActiveProfilesUtils - Could not find an 'annotation declaring class' for annotation type [org.springframework.test.context.ActiveProfiles] and class [com.example.cicd.CicdApplicationTests]
16:58:44.909 [Test worker] DEBUG org.springframework.context.annotation.ClassPathScanningCandidateComponentProvider - Identified candidate component class: file [/Users/akshay.patwari/IdeaProjects/cicd/build/classes/kotlin/main/com/example/cicd/CicdApplication.class]
16:58:44.910 [Test worker] INFO org.springframework.boot.test.context.SpringBootTestContextBootstrapper - Found @SpringBootConfiguration com.example.cicd.CicdApplication for test class com.example.cicd.CicdApplicationTests
16:58:44.974 [Test worker] DEBUG org.springframework.boot.test.context.SpringBootTestContextBootstrapper - @TestExecutionListeners is not present for class [com.example.cicd.CicdApplicationTests]: using defaults.
16:58:44.975 [Test worker] INFO org.springframework.boot.test.context.SpringBootTestContextBootstrapper - Loaded default TestExecutionListener class names from location [META-INF/spring.factories]: [org.springframework.boot.test.autoconfigure.restdocs.RestDocsTestExecutionListener, org.springframework.boot.test.autoconfigure.web.client.MockRestServiceServerResetTestExecutionListener, org.springframework.boot.test.autoconfigure.web.servlet.MockMvcPrintOnlyOnFailureTestExecutionListener, org.springframework.boot.test.autoconfigure.web.servlet.WebDriverTestExecutionListener, org.springframework.boot.test.mock.mockito.MockitoTestExecutionListener, org.springframework.boot.test.mock.mockito.ResetMocksTestExecutionListener, org.springframework.test.context.web.ServletTestExecutionListener, org.springframework.test.context.support.DirtiesContextBeforeModesTestExecutionListener, org.springframework.test.context.support.DependencyInjectionTestExecutionListener, org.springframework.test.context.support.DirtiesContextTestExecutionListener, org.springframework.test.context.transaction.TransactionalTestExecutionListener, org.springframework.test.context.jdbc.SqlScriptsTestExecutionListener, org.springframework.test.context.event.EventPublishingTestExecutionListener]
16:58:44.986 [Test worker] INFO org.springframework.boot.test.context.SpringBootTestContextBootstrapper - Using TestExecutionListeners: [org.springframework.test.context.web.ServletTestExecutionListener@4ffc26d2, org.springframework.test.context.support.DirtiesContextBeforeModesTestExecutionListener@182820e, org.springframework.boot.test.mock.mockito.MockitoTestExecutionListener@5f0983ff, org.springframework.boot.test.autoconfigure.SpringBootDependencyInjectionTestExecutionListener@1686a7d5, org.springframework.test.context.support.DirtiesContextTestExecutionListener@38e2c961, org.springframework.test.context.transaction.TransactionalTestExecutionListener@2de5ae81, org.springframework.test.context.jdbc.SqlScriptsTestExecutionListener@3e60d6b9, org.springframework.test.context.event.EventPublishingTestExecutionListener@1d7b66af, org.springframework.boot.test.autoconfigure.restdocs.RestDocsTestExecutionListener@33fc1da0, org.springframework.boot.test.autoconfigure.web.client.MockRestServiceServerResetTestExecutionListener@33ed3cf8, org.springframework.boot.test.autoconfigure.web.servlet.MockMvcPrintOnlyOnFailureTestExecutionListener@b00f122, org.springframework.boot.test.autoconfigure.web.servlet.WebDriverTestExecutionListener@4d08a0f3, org.springframework.boot.test.mock.mockito.ResetMocksTestExecutionListener@1e4aa5ef]
16:58:44.989 [Test worker] DEBUG org.springframework.test.context.support.AbstractDirtiesContextTestExecutionListener - Before test class: context [DefaultTestContext@1b92dcb1 testClass = CicdApplicationTests, testInstance = [null], testMethod = [null], testException = [null], mergedContextConfiguration = [WebMergedContextConfiguration@57082157 testClass = CicdApplicationTests, locations = '{}', classes = '{class com.example.cicd.CicdApplication}', contextInitializerClasses = '[]', activeProfiles = '{}', propertySourceLocations = '{}', propertySourceProperties = '{org.springframework.boot.test.context.SpringBootTestContextBootstrapper=true}', contextCustomizers = set[org.springframework.boot.test.autoconfigure.properties.PropertyMappingContextCustomizer@0, org.springframework.boot.test.autoconfigure.web.servlet.WebDriverContextCustomizerFactory$Customizer@7c564a44, org.springframework.boot.test.context.filter.ExcludeFilterContextCustomizer@e4efb7d, org.springframework.boot.test.json.DuplicateJsonObjectContextCustomizerFactory$DuplicateJsonObjectContextCustomizer@6469ee3d, org.springframework.boot.test.mock.mockito.MockitoContextCustomizer@0, org.springframework.boot.test.web.client.TestRestTemplateContextCustomizer@d99dfe0], resourceBasePath = 'src/main/webapp', contextLoader = 'org.springframework.boot.test.context.SpringBootContextLoader', parent = [null]], attributes = map['org.springframework.test.context.web.ServletTestExecutionListener.activateListener' -> true]], class annotated with @DirtiesContext [false] with mode [null].
16:58:45.009 [Test worker] DEBUG org.springframework.test.context.support.TestPropertySourceUtils - Adding inlined properties to environment: {spring.jmx.enabled=false, org.springframework.boot.test.context.SpringBootTestContextBootstrapper=true, server.port=-1}

  .   ____          _            __ _ _
 /\\ / ___'_ __ _ _(_)_ __  __ _ \ \ \ \
( ( )\___ | '_ | '_| | '_ \/ _` | \ \ \ \
 \\/  ___)| |_)| | | | | || (_| |  ) ) ) )
  '  |____| .__|_| |_|_| |_\__, | / / / /
 =========|_|==============|___/=/_/_/_/
 :: Spring Boot ::        (v2.2.4.RELEASE)

2020-02-21 16:58:50.204  INFO 23084 --- [    Test worker] com.example.cicd.CicdApplicationTests    : Starting CicdApplicationTests on Akshays-MacBook-Pro.local with PID 23084 (started by akshay.patwari in /Users/akshay.patwari/IdeaProjects/cicd)
2020-02-21 16:58:50.205  INFO 23084 --- [    Test worker] com.example.cicd.CicdApplicationTests    : No active profile set, falling back to default profiles: default
2020-02-21 16:58:51.460  INFO 23084 --- [    Test worker] o.s.s.concurrent.ThreadPoolTaskExecutor  : Initializing ExecutorService 'applicationTaskExecutor'
2020-02-21 16:58:51.742  INFO 23084 --- [    Test worker] com.example.cicd.CicdApplicationTests    : Started CicdApplicationTests in 6.723 seconds (JVM running for 7.839)
]]></system-out>
  <system-err><![CDATA[]]></system-err>
</testsuite>
